Time resolution is 1 ps
---- TEST 1: Comando P (programar IMEM) ----
OK    imem_dbg_we pulso
OK    imem_dbg_addr
OK    imem_dbg_wdata
---- TEST 2: Comando R (soft reset fetch) ----
OK    dbg_flush_pipe pulso
OK    dbg_load_pc pulso
---- TEST 3: Comando G (RUN->HALT->DRAIN->DUMP) ----
OK    G: dbg_run activo
Mock: dbg_halt_seen=1
OK    entro en dbg_drain
Mock: dbg_pipe_empty=1
OK    dump emitido: 292 bytes (esperado 292)
---- CHECK DUMP HEADER ----
OK    dump[0] magic
OK    ump_type RUN_END
OK    empty+halt_seen)
OK    dump[3] reserved
---- CHECK PC ----
OK    PC word
---- CHECK sample PIPE word 7 ----
OK    pipe[7] word
---- CHECK sample REG x3 ----
OK    x3 word
---- CHECK sample DMEM[10] ----
OK    dmem[10]
Fin TB debug_unit_uart OK.
$stop called at time : 9215 ns : File "C:/Users/ignac/Downloads/project_1/project_1.srcs/sim_1/new/tb_debug_unit_uart.v" Line 317
