INFO: [VRFC 10-2263] Analyzing Verilog file "C:/Users/ignac/Downloads/project_1/project_1.srcs/sources_1/new/alu.v" into library xil_defaultlib
INFO: [VRFC 10-311] analyzing module alu
INFO: [VRFC 10-2263] Analyzing Verilog file "C:/Users/ignac/Downloads/project_1/project_1.srcs/sources_1/new/alu_control.v" into library xil_defaultlib
INFO: [VRFC 10-311] analyzing module alu_control
INFO: [VRFC 10-2263] Analyzing Verilog file "C:/Users/ignac/Downloads/project_1/project_1.srcs/sources_1/new/control_unit.v" into library xil_defaultlib
INFO: [VRFC 10-311] analyzing module control_unit
INFO: [VRFC 10-2263] Analyzing Verilog file "C:/Users/ignac/Downloads/project_1/project_1.srcs/sources_1/new/cpu_top.v" into library xil_defaultlib
INFO: [VRFC 10-311] analyzing module cpu_top
INFO: [VRFC 10-2263] Analyzing Verilog file "C:/Users/ignac/Downloads/project_1/project_1.srcs/sources_1/new/debug_unit_uart.v" into library xil_defaultlib
INFO: [VRFC 10-311] analyzing module debug_unit_uart
INFO: [VRFC 10-2263] Analyzing Verilog file "C:/Users/ignac/Downloads/project_1/project_1.srcs/sources_1/new/dmem_rv32.v" into library xil_defaultlib
INFO: [VRFC 10-311] analyzing module dmem_rv32
INFO: [VRFC 10-2263] Analyzing Verilog file "C:/Users/ignac/Downloads/project_1/project_1.srcs/sources_1/new/ex_mem_reg.v" into library xil_defaultlib
INFO: [VRFC 10-311] analyzing module ex_mem_reg
INFO: [VRFC 10-2263] Analyzing Verilog file "C:/Users/ignac/Downloads/project_1/project_1.srcs/sources_1/new/ex_stage.v" into library xil_defaultlib
INFO: [VRFC 10-311] analyzing module ex_stage
INFO: [VRFC 10-2263] Analyzing Verilog file "C:/Users/ignac/Downloads/project_1/project_1.srcs/sources_1/new/forwarding_unit.v" into library xil_defaultlib
INFO: [VRFC 10-311] analyzing module forwarding_unit
INFO: [VRFC 10-2263] Analyzing Verilog file "C:/Users/ignac/Downloads/project_1/project_1.srcs/sources_1/new/hazard_detection_unit.v" into library xil_defaultlib
INFO: [VRFC 10-311] analyzing module hazard_detection_unit
INFO: [VRFC 10-2263] Analyzing Verilog file "C:/Users/ignac/Downloads/project_1/project_1.srcs/sources_1/new/id_ex_reg.v" into library xil_defaultlib
INFO: [VRFC 10-311] analyzing module id_ex_reg
INFO: [VRFC 10-2263] Analyzing Verilog file "C:/Users/ignac/Downloads/project_1/project_1.srcs/sources_1/new/id_stage.v" into library xil_defaultlib
INFO: [VRFC 10-311] analyzing module id_stage
INFO: [VRFC 10-2263] Analyzing Verilog file "C:/Users/ignac/Downloads/project_1/project_1.srcs/sources_1/new/if_id_reg.v" into library xil_defaultlib
INFO: [VRFC 10-311] analyzing module if_id_reg
INFO: [VRFC 10-2263] Analyzing Verilog file "C:/Users/ignac/Downloads/project_1/project_1.srcs/sources_1/new/if_stage.v" into library xil_defaultlib
INFO: [VRFC 10-311] analyzing module if_stage
INFO: [VRFC 10-2263] Analyzing Verilog file "C:/Users/ignac/Downloads/project_1/project_1.srcs/sources_1/new/imem_simple.v" into library xil_defaultlib
INFO: [VRFC 10-311] analyzing module imem_simple
INFO: [VRFC 10-2263] Analyzing Verilog file "C:/Users/ignac/Downloads/project_1/project_1.srcs/sources_1/new/imm_gen.v" into library xil_defaultlib
INFO: [VRFC 10-311] analyzing module imm_gen
INFO: [VRFC 10-2263] Analyzing Verilog file "C:/Users/ignac/Downloads/project_1/project_1.srcs/sources_1/new/mem_stage.v" into library xil_defaultlib
INFO: [VRFC 10-311] analyzing module mem_stage
INFO: [VRFC 10-2263] Analyzing Verilog file "C:/Users/ignac/Downloads/project_1/project_1.srcs/sources_1/new/mem_wb_reg.v" into library xil_defaultlib
INFO: [VRFC 10-311] analyzing module mem_wb_reg
INFO: [VRFC 10-2263] Analyzing Verilog file "C:/Users/ignac/Downloads/project_1/project_1.srcs/sources_1/new/mod_m_counter.v" into library xil_defaultlib
INFO: [VRFC 10-311] analyzing module mod_m_counter
INFO: [VRFC 10-2263] Analyzing Verilog file "C:/Users/ignac/Downloads/project_1/project_1.srcs/sources_1/new/pc_reg.v" into library xil_defaultlib
INFO: [VRFC 10-311] analyzing module pc_reg
INFO: [VRFC 10-2263] Analyzing Verilog file "C:/Users/ignac/Downloads/project_1/project_1.srcs/sources_1/new/regfile.v" into library xil_defaultlib
INFO: [VRFC 10-311] analyzing module regfile
INFO: [VRFC 10-2263] Analyzing Verilog file "C:/Users/ignac/Downloads/project_1/project_1.srcs/sources_1/new/top_debug_system.v" into library xil_defaultlib
INFO: [VRFC 10-311] analyzing module top_debug_system
INFO: [VRFC 10-2263] Analyzing Verilog file "C:/Users/ignac/Downloads/project_1/project_1.srcs/sources_1/new/uart_rx.v" into library xil_defaultlib
INFO: [VRFC 10-311] analyzing module uart_rx
INFO: [VRFC 10-2263] Analyzing Verilog file "C:/Users/ignac/Downloads/project_1/project_1.srcs/sources_1/new/uart_tx.v" into library xil_defaultlib
INFO: [VRFC 10-311] analyzing module uart_tx
INFO: [VRFC 10-2263] Analyzing Verilog file "C:/Users/ignac/Downloads/project_1/project_1.srcs/sources_1/new/wb_stage.v" into library xil_defaultlib
INFO: [VRFC 10-311] analyzing module wb_stage
INFO: [VRFC 10-2263] Analyzing Verilog file "C:/Users/ignac/Downloads/project_1/project_1.srcs/sim_1/new/tb_top_debug_serial.v" into library xil_defaultlib
INFO: [VRFC 10-311] analyzing module tb_top_debug_system
